<?xml version="1.0" encoding="UTF-8"?>
<!-- Generated by org.testng.reporters.JUnitXMLReporter -->
<testsuite ignored="2" hostname="DESKTOP-G8O6OG0" failures="0" tests="1" name="Default test" time="11.262" errors="0" timestamp="2024-10-30T22:16:19 IST">
  <testcase classname="com.Assignments.A10OHRM_Login_Logout" name="login3" time="2.049"/>
  <testcase classname="com.Assignments.A10OHRM_Login_Logout" name="login1" time="0.0">
    <ignored/>
  </testcase> <!-- login1 -->
  <testcase classname="com.Assignments.A10OHRM_Login_Logout" name="login2" time="0.0">
    <ignored/>
  </testcase> <!-- login2 -->
</testsuite> <!-- Default test -->
