<?xml version="1.0" encoding="UTF-8"?>
<!-- Generated by org.testng.reporters.JUnitXMLReporter -->
<testsuite ignored="0" hostname="DESKTOP-G8O6OG0" failures="0" tests="8" name="Default test" time="1.56" errors="0" timestamp="2024-11-06T22:23:05 IST">
  <testcase classname="com.TestNGDemos.D15DDF_LoginToOHRM" name="login" time="0.006"/>
  <testcase classname="com.TestNGDemos.D15DDF_LoginToOHRM" name="login" time="0.003"/>
  <testcase classname="com.TestNGDemos.D15DDF_LoginToOHRM" name="login" time="0.003"/>
  <testcase classname="com.TestNGDemos.D15DDF_LoginToOHRM" name="login" time="0.003"/>
  <testcase classname="com.TestNGDemos.D15DDF_LoginToOHRM" name="login" time="0.004"/>
  <testcase classname="com.TestNGDemos.D15DDF_LoginToOHRM" name="login" time="0.008"/>
  <testcase classname="com.TestNGDemos.D15DDF_LoginToOHRM" name="login" time="0.005"/>
  <testcase classname="com.TestNGDemos.D15DDF_LoginToOHRM" name="login" time="0.001"/>
</testsuite> <!-- Default test -->
