<?xml version="1.0" encoding="UTF-8"?>
<testng-results ignored="0" total="1" passed="1" failed="0" skipped="0">
  <reporter-output>
  </reporter-output>
  <suite started-at="2024-11-08T22:15:02 IST" name="Default suite" finished-at="2024-11-08T22:15:02 IST" duration-ms="251">
    <groups>
    </groups>
    <test started-at="2024-11-08T22:15:02 IST" name="Default test" finished-at="2024-11-08T22:15:02 IST" duration-ms="251">
      <class name="com.MyTests.D03TestNGClass">
        <test-method is-config="true" signature="beforeTest()[pri:0, instance:com.MyTests.D03TestNGClass@76494737]" started-at="2024-11-08T22:15:02 IST" name="beforeTest" finished-at="2024-11-08T22:15:02 IST" duration-ms="81" status="PASS">
          <reporter-output>
          </reporter-output>
        </test-method> <!-- beforeTest -->
        <test-method signature="myTest()[pri:0, instance:com.MyTests.D03TestNGClass@76494737]" started-at="2024-11-08T22:15:02 IST" name="myTest" finished-at="2024-11-08T22:15:02 IST" duration-ms="12" status="PASS">
          <reporter-output>
          </reporter-output>
        </test-method> <!-- myTest -->
        <test-method is-config="true" signature="afterTest()[pri:0, instance:com.MyTests.D03TestNGClass@76494737]" started-at="2024-11-08T22:15:02 IST" name="afterTest" finished-at="2024-11-08T22:15:02 IST" duration-ms="1" status="PASS">
          <reporter-output>
          </reporter-output>
        </test-method> <!-- afterTest -->
      </class> <!-- com.MyTests.D03TestNGClass -->
    </test> <!-- Default test -->
  </suite> <!-- Default suite -->
</testng-results>
