<?xml version="1.0" encoding="UTF-8"?>
<testng-results ignored="0" total="1" passed="1" failed="0" skipped="0">
  <reporter-output>
  </reporter-output>
  <suite started-at="2024-10-30T22:16:07 IST" name="Default suite" finished-at="2024-10-30T22:16:19 IST" duration-ms="11262">
    <groups>
    </groups>
    <test started-at="2024-10-30T22:16:07 IST" name="Default test" finished-at="2024-10-30T22:16:19 IST" duration-ms="11262">
      <class name="com.Assignments.A10OHRM_Login_Logout">
        <test-method is-config="true" signature="beforeTest()[pri:0, instance:com.Assignments.A10OHRM_Login_Logout@68c9d179]" started-at="2024-10-30T22:16:07 IST" name="beforeTest" finished-at="2024-10-30T22:16:14 IST" duration-ms="6848" status="PASS">
          <reporter-output>
          </reporter-output>
        </test-method> <!-- beforeTest -->
        <test-method signature="login3()[pri:0, instance:com.Assignments.A10OHRM_Login_Logout@68c9d179]" started-at="2024-10-30T22:16:14 IST" name="login3" finished-at="2024-10-30T22:16:16 IST" duration-ms="2049" status="PASS">
          <reporter-output>
          </reporter-output>
        </test-method> <!-- login3 -->
        <test-method is-config="true" signature="logout()[pri:0, instance:com.Assignments.A10OHRM_Login_Logout@68c9d179]" started-at="2024-10-30T22:16:16 IST" name="logout" finished-at="2024-10-30T22:16:18 IST" duration-ms="1859" status="PASS">
          <reporter-output>
          </reporter-output>
        </test-method> <!-- logout -->
        <test-method is-config="true" signature="afterTest()[pri:0, instance:com.Assignments.A10OHRM_Login_Logout@68c9d179]" started-at="2024-10-30T22:16:18 IST" name="afterTest" finished-at="2024-10-30T22:16:19 IST" duration-ms="359" status="PASS">
          <reporter-output>
          </reporter-output>
        </test-method> <!-- afterTest -->
      </class> <!-- com.Assignments.A10OHRM_Login_Logout -->
    </test> <!-- Default test -->
  </suite> <!-- Default suite -->
</testng-results>
