<?xml version="1.0" encoding="UTF-8"?>
<testng-results ignored="0" total="8" passed="8" failed="0" skipped="0">
  <reporter-output>
  </reporter-output>
  <suite started-at="2024-11-06T22:23:04 IST" name="Default suite" finished-at="2024-11-06T22:23:05 IST" duration-ms="1560">
    <groups>
    </groups>
    <test started-at="2024-11-06T22:23:04 IST" name="Default test" finished-at="2024-11-06T22:23:05 IST" duration-ms="1560">
      <class name="com.TestNGDemos.D15DDF_LoginToOHRM">
        <test-method is-config="true" signature="beforeTest()[pri:0, instance:com.TestNGDemos.D15DDF_LoginToOHRM@1500b2f3]" started-at="2024-11-06T22:23:04 IST" name="beforeTest" finished-at="2024-11-06T22:23:05 IST" duration-ms="1383" status="PASS">
          <reporter-output>
          </reporter-output>
        </test-method> <!-- beforeTest -->
        <test-method signature="login(java.lang.String,java.lang.String)[pri:0, instance:com.TestNGDemos.D15DDF_LoginToOHRM@1500b2f3]" started-at="2024-11-06T22:23:05 IST" name="login" data-provider="getLoginData" finished-at="2024-11-06T22:23:05 IST" duration-ms="6" status="PASS">
          <params>
            <param index="0">
              <value>
                <![CDATA[Nilesh]]>
              </value>
            </param>
            <param index="1">
              <value>
                <![CDATA[nilesh123]]>
              </value>
            </param>
          </params>
          <reporter-output>
          </reporter-output>
        </test-method> <!-- login -->
        <test-method is-config="true" signature="afterMethod()[pri:0, instance:com.TestNGDemos.D15DDF_LoginToOHRM@1500b2f3]" started-at="2024-11-06T22:23:05 IST" name="afterMethod" finished-at="2024-11-06T22:23:05 IST" duration-ms="1" status="PASS">
          <reporter-output>
          </reporter-output>
        </test-method> <!-- afterMethod -->
        <test-method signature="login(java.lang.String,java.lang.String)[pri:0, instance:com.TestNGDemos.D15DDF_LoginToOHRM@1500b2f3]" started-at="2024-11-06T22:23:05 IST" name="login" data-provider="getLoginData" finished-at="2024-11-06T22:23:05 IST" duration-ms="3" status="PASS">
          <params>
            <param index="0">
              <value>
                <![CDATA[nilima]]>
              </value>
            </param>
            <param index="1">
              <value>
                <![CDATA[nilima123]]>
              </value>
            </param>
          </params>
          <reporter-output>
          </reporter-output>
        </test-method> <!-- login -->
        <test-method is-config="true" signature="afterMethod()[pri:0, instance:com.TestNGDemos.D15DDF_LoginToOHRM@1500b2f3]" started-at="2024-11-06T22:23:05 IST" name="afterMethod" finished-at="2024-11-06T22:23:05 IST" duration-ms="0" status="PASS">
          <reporter-output>
          </reporter-output>
        </test-method> <!-- afterMethod -->
        <test-method signature="login(java.lang.String,java.lang.String)[pri:0, instance:com.TestNGDemos.D15DDF_LoginToOHRM@1500b2f3]" started-at="2024-11-06T22:23:05 IST" name="login" data-provider="getLoginData" finished-at="2024-11-06T22:23:05 IST" duration-ms="3" status="PASS">
          <params>
            <param index="0">
              <value>
                <![CDATA[admin]]>
              </value>
            </param>
            <param index="1">
              <value>
                <![CDATA[admin123]]>
              </value>
            </param>
          </params>
          <reporter-output>
          </reporter-output>
        </test-method> <!-- login -->
        <test-method is-config="true" signature="afterMethod()[pri:0, instance:com.TestNGDemos.D15DDF_LoginToOHRM@1500b2f3]" started-at="2024-11-06T22:23:05 IST" name="afterMethod" finished-at="2024-11-06T22:23:05 IST" duration-ms="1" status="PASS">
          <reporter-output>
          </reporter-output>
        </test-method> <!-- afterMethod -->
        <test-method signature="login(java.lang.String,java.lang.String)[pri:0, instance:com.TestNGDemos.D15DDF_LoginToOHRM@1500b2f3]" started-at="2024-11-06T22:23:05 IST" name="login" data-provider="getLoginData" finished-at="2024-11-06T22:23:05 IST" duration-ms="3" status="PASS">
          <params>
            <param index="0">
              <value>
                <![CDATA[anil]]>
              </value>
            </param>
            <param index="1">
              <value>
                <![CDATA[anil123]]>
              </value>
            </param>
          </params>
          <reporter-output>
          </reporter-output>
        </test-method> <!-- login -->
        <test-method is-config="true" signature="afterMethod()[pri:0, instance:com.TestNGDemos.D15DDF_LoginToOHRM@1500b2f3]" started-at="2024-11-06T22:23:05 IST" name="afterMethod" finished-at="2024-11-06T22:23:05 IST" duration-ms="2" status="PASS">
          <reporter-output>
          </reporter-output>
        </test-method> <!-- afterMethod -->
        <test-method signature="login(java.lang.String,java.lang.String)[pri:0, instance:com.TestNGDemos.D15DDF_LoginToOHRM@1500b2f3]" started-at="2024-11-06T22:23:05 IST" name="login" data-provider="getLoginData" finished-at="2024-11-06T22:23:05 IST" duration-ms="4" status="PASS">
          <params>
            <param index="0">
              <value>
                <![CDATA[admin]]>
              </value>
            </param>
            <param index="1">
              <value>
                <![CDATA[admin123]]>
              </value>
            </param>
          </params>
          <reporter-output>
          </reporter-output>
        </test-method> <!-- login -->
        <test-method is-config="true" signature="afterMethod()[pri:0, instance:com.TestNGDemos.D15DDF_LoginToOHRM@1500b2f3]" started-at="2024-11-06T22:23:05 IST" name="afterMethod" finished-at="2024-11-06T22:23:05 IST" duration-ms="7" status="PASS">
          <reporter-output>
          </reporter-output>
        </test-method> <!-- afterMethod -->
        <test-method signature="login(java.lang.String,java.lang.String)[pri:0, instance:com.TestNGDemos.D15DDF_LoginToOHRM@1500b2f3]" started-at="2024-11-06T22:23:05 IST" name="login" data-provider="getLoginData" finished-at="2024-11-06T22:23:05 IST" duration-ms="8" status="PASS">
          <params>
            <param index="0">
              <value>
                <![CDATA[swarna]]>
              </value>
            </param>
            <param index="1">
              <value>
                <![CDATA[swarna123]]>
              </value>
            </param>
          </params>
          <reporter-output>
          </reporter-output>
        </test-method> <!-- login -->
        <test-method is-config="true" signature="afterMethod()[pri:0, instance:com.TestNGDemos.D15DDF_LoginToOHRM@1500b2f3]" started-at="2024-11-06T22:23:05 IST" name="afterMethod" finished-at="2024-11-06T22:23:05 IST" duration-ms="1" status="PASS">
          <reporter-output>
          </reporter-output>
        </test-method> <!-- afterMethod -->
        <test-method signature="login(java.lang.String,java.lang.String)[pri:0, instance:com.TestNGDemos.D15DDF_LoginToOHRM@1500b2f3]" started-at="2024-11-06T22:23:05 IST" name="login" data-provider="getLoginData" finished-at="2024-11-06T22:23:05 IST" duration-ms="5" status="PASS">
          <params>
            <param index="0">
              <value>
                <![CDATA[lekha]]>
              </value>
            </param>
            <param index="1">
              <value>
                <![CDATA[lekha123]]>
              </value>
            </param>
          </params>
          <reporter-output>
          </reporter-output>
        </test-method> <!-- login -->
        <test-method is-config="true" signature="afterMethod()[pri:0, instance:com.TestNGDemos.D15DDF_LoginToOHRM@1500b2f3]" started-at="2024-11-06T22:23:05 IST" name="afterMethod" finished-at="2024-11-06T22:23:05 IST" duration-ms="0" status="PASS">
          <reporter-output>
          </reporter-output>
        </test-method> <!-- afterMethod -->
        <test-method signature="login(java.lang.String,java.lang.String)[pri:0, instance:com.TestNGDemos.D15DDF_LoginToOHRM@1500b2f3]" started-at="2024-11-06T22:23:05 IST" name="login" data-provider="getLoginData" finished-at="2024-11-06T22:23:05 IST" duration-ms="1" status="PASS">
          <params>
            <param index="0">
              <value>
                <![CDATA[ankush]]>
              </value>
            </param>
            <param index="1">
              <value>
                <![CDATA[ankush123]]>
              </value>
            </param>
          </params>
          <reporter-output>
          </reporter-output>
        </test-method> <!-- login -->
        <test-method is-config="true" signature="afterMethod()[pri:0, instance:com.TestNGDemos.D15DDF_LoginToOHRM@1500b2f3]" started-at="2024-11-06T22:23:05 IST" name="afterMethod" finished-at="2024-11-06T22:23:05 IST" duration-ms="1" status="PASS">
          <reporter-output>
          </reporter-output>
        </test-method> <!-- afterMethod -->
        <test-method is-config="true" signature="afterTest()[pri:0, instance:com.TestNGDemos.D15DDF_LoginToOHRM@1500b2f3]" started-at="2024-11-06T22:23:05 IST" name="afterTest" finished-at="2024-11-06T22:23:05 IST" duration-ms="1" status="PASS">
          <reporter-output>
          </reporter-output>
        </test-method> <!-- afterTest -->
      </class> <!-- com.TestNGDemos.D15DDF_LoginToOHRM -->
    </test> <!-- Default test -->
  </suite> <!-- Default suite -->
</testng-results>
