<?xml version="1.0" encoding="UTF-8"?>
<!-- Generated by org.testng.reporters.JUnitXMLReporter -->
<testsuite ignored="3" hostname="DESKTOP-G8O6OG0" failures="0" tests="1" name="My Test" time="7.591" errors="0" timestamp="2024-11-04T21:33:40 IST">
  <testcase classname="com.TestNGDemos.D05FlipkartAssignment" name="fashionTest" time="0.143"/>
  <testcase classname="com.TestNGDemos.D05FlipkartAssignment" name="electronicsTest" time="0.0">
    <ignored/>
  </testcase> <!-- electronicsTest -->
  <testcase classname="com.TestNGDemos.D05FlipkartAssignment" name="homeTest" time="0.0">
    <ignored/>
  </testcase> <!-- homeTest -->
  <testcase classname="com.TestNGDemos.D05FlipkartAssignment" name="mobileTest" time="0.0">
    <ignored/>
  </testcase> <!-- mobileTest -->
</testsuite> <!-- My Test -->
